\BOOKMARK [1][-]{section.1}{Einleitung}{}% 1
\BOOKMARK [2][-]{subsection.1.1}{Anwendungskontext}{section.1}% 2
\BOOKMARK [2][-]{subsection.1.2}{Projektziel}{section.1}% 3
\BOOKMARK [1][-]{section.2}{Grundlagen}{}% 4
\BOOKMARK [2][-]{subsection.2.1}{Architektur AR Anwendungen}{section.2}% 5
\BOOKMARK [2][-]{subsection.2.2}{Haptische Interaktionsmethoden in VR Umgebungen}{section.2}% 6
\BOOKMARK [2][-]{subsection.2.3}{Handtracking Interaktionsmethoden}{section.2}% 7
\BOOKMARK [2][-]{subsection.2.4}{Men\374f\374hrung in VR Umgebungen}{section.2}% 8
\BOOKMARK [2][-]{subsection.2.5}{Datenaustausch \374ber internes Netzwerk}{section.2}% 9
\BOOKMARK [2][-]{subsection.2.6}{Green-Keying}{section.2}% 10
\BOOKMARK [2][-]{subsection.2.7}{Marker Tracking}{section.2}% 11
\BOOKMARK [1][-]{section.3}{Projektmanagement}{}% 12
\BOOKMARK [1][-]{section.4}{Materialien}{}% 13
\BOOKMARK [2][-]{subsection.4.1}{Hardware}{section.4}% 14
\BOOKMARK [3][-]{subsubsection.4.1.1}{Computer zur Ausf\374hrung der Unity-Simulation}{subsection.4.1}% 15
\BOOKMARK [3][-]{subsubsection.4.1.2}{Computer zur Ausf\374hrung der Tracking-Anwendung}{subsection.4.1}% 16
\BOOKMARK [3][-]{subsubsection.4.1.3}{HTC Vive}{subsection.4.1}% 17
\BOOKMARK [3][-]{subsubsection.4.1.4}{IDS uEye 164LE-C}{subsection.4.1}% 18
\BOOKMARK [3][-]{subsubsection.4.1.5}{Leap Motion}{subsection.4.1}% 19
\BOOKMARK [3][-]{subsubsection.4.1.6}{ArUco Marker}{subsection.4.1}% 20
\BOOKMARK [3][-]{subsubsection.4.1.7}{W\374rfel Marker}{subsection.4.1}% 21
\BOOKMARK [2][-]{subsection.4.2}{Obsolete Hardware}{section.4}% 22
\BOOKMARK [3][-]{subsubsection.4.2.1}{Ovrvision Pro}{subsection.4.2}% 23
\BOOKMARK [2][-]{subsection.4.3}{Software}{section.4}% 24
\BOOKMARK [3][-]{subsubsection.4.3.1}{Unity}{subsection.4.3}% 25
\BOOKMARK [3][-]{subsubsection.4.3.2}{Visual Studio 2015}{subsection.4.3}% 26
\BOOKMARK [3][-]{subsubsection.4.3.3}{OpenCV}{subsection.4.3}% 27
\BOOKMARK [3][-]{subsubsection.4.3.4}{Leap Motion SDK}{subsection.4.3}% 28
\BOOKMARK [3][-]{subsubsection.4.3.5}{Orion Beta Software}{subsection.4.3}% 29
\BOOKMARK [3][-]{subsubsection.4.3.6}{Steam VR}{subsection.4.3}% 30
\BOOKMARK [3][-]{subsubsection.4.3.7}{TCP API}{subsection.4.3}% 31
\BOOKMARK [1][-]{section.5}{System}{}% 32
\BOOKMARK [2][-]{subsection.5.1}{Aufbau}{section.5}% 33
\BOOKMARK [2][-]{subsection.5.2}{Starten des Systems}{section.5}% 34
\BOOKMARK [2][-]{subsection.5.3}{Men\374f\374hrung}{section.5}% 35
\BOOKMARK [3][-]{subsubsection.5.3.1}{Men\374s}{subsection.5.3}% 36
\BOOKMARK [3][-]{subsubsection.5.3.2}{Ablauf der Men\374f\374hrung}{subsection.5.3}% 37
\BOOKMARK [2][-]{subsection.5.4}{Tracking der W\374rfel Marker}{section.5}% 38
\BOOKMARK [3][-]{subsubsection.5.4.1}{Green Keying}{subsection.5.4}% 39
\BOOKMARK [3][-]{subsubsection.5.4.2}{ArUco Marker Tracking}{subsection.5.4}% 40
\BOOKMARK [3][-]{subsubsection.5.4.3}{Marker Objekt}{subsection.5.4}% 41
\BOOKMARK [3][-]{subsubsection.5.4.4}{Zuordnung der Identit\344ten}{subsection.5.4}% 42
\BOOKMARK [2][-]{subsection.5.5}{Kalibrierung}{section.5}% 43
\BOOKMARK [3][-]{subsubsection.5.5.1}{Tracking Algorithmus}{subsection.5.5}% 44
\BOOKMARK [3][-]{subsubsection.5.5.2}{Kamerakalibrierung}{subsection.5.5}% 45
\BOOKMARK [3][-]{subsubsection.5.5.3}{Kalibrierung des Arbeitsbereichs}{subsection.5.5}% 46
\BOOKMARK [3][-]{subsubsection.5.5.4}{Kalibrierungfehler}{subsection.5.5}% 47
\BOOKMARK [3][-]{subsubsection.5.5.5}{M\366gliche Fehlerquellen}{subsection.5.5}% 48
\BOOKMARK [1][-]{section.6}{Auswertung}{}% 49
\BOOKMARK [2][-]{subsection.6.1}{Testing durch unerfahrene Benutzer}{section.6}% 50
\BOOKMARK [2][-]{subsection.6.2}{Testing durch Architekten}{section.6}% 51
\BOOKMARK [1][-]{section.7}{Zusammenfassung}{}% 52
